# JRE version: OpenJDK Runtime Environment (19.0.2+7) (build 19.0.2+7-44)
# Java VM: OpenJDK 64-Bit Server VM (19.0.2+7-44, mixed mode, sharing, tiered, compressed oops, compressed class ptrs, g1 gc, windows-amd64)
GC Precious Log:
 CardTable entry size: 512
 Card Set container configuration: InlinePtr #cards 5 size 8 Array Of Cards #cards 12 size 40 Howl #buckets 4 coarsen threshold 1843 Howl Bitmap #cards 512 size 80 coarsen threshold 460 Card regions per heap region 1 cards per card region 2048
 CPUs: 4 total, 4 available
 Memory: 8065M
 Large Page Support: Disabled
 NUMA Support: Disabled
 Compressed Oops: Enabled (32-bit)
 Heap Region Size: 1M
 Heap Min Capacity: 8M
 Heap Initial Capacity: 128M
 Heap Max Capacity: 2018M
 Pre-touch: Disabled
 Parallel Workers: 4
 Concurrent Workers: 1
 Concurrent Refinement Workers: 4
 Periodic GC: Disabled
Heap:
 garbage-first heap   total 209920K, used 76225K [0x0000000081e00000, 0x0000000100000000)
  region size 1024K, 8 young (8192K), 8 survivors (8192K)
 Metaspace       used 32991K, committed 33536K, reserved 1114112K
  class space    used 3619K, committed 3904K, reserved 1048576K
GC Heap History (20 events):
Event: 4.183 GC heap after
{Heap after GC invocations=4 (full 0):
 garbage-first heap   total 131072K, used 19961K [0x0000000081e00000, 0x0000000100000000)
  region size 1024K, 9 young (9216K), 9 survivors (9216K)
 Metaspace       used 16928K, committed 17280K, reserved 1114112K
  class space    used 1832K, committed 1984K, reserved 1048576K
}
Event: 5.326 GC heap before
{Heap before GC invocations=4 (full 0):
 garbage-first heap   total 131072K, used 88569K [0x0000000081e00000, 0x0000000100000000)
  region size 1024K, 76 young (77824K), 9 survivors (9216K)
 Metaspace       used 18472K, committed 18752K, reserved 1114112K
  class space    used 1973K, committed 2112K, reserved 1048576K
}
Event: 5.344 GC heap after
{Heap after GC invocations=5 (full 0):
 garbage-first heap   total 131072K, used 25349K [0x0000000081e00000, 0x0000000100000000)
  region size 1024K, 6 young (6144K), 6 survivors (6144K)
 Metaspace       used 18472K, committed 18752K, reserved 1114112K
  class space    used 1973K, committed 2112K, reserved 1048576K
}
Event: 6.079 GC heap before
{Heap before GC invocations=5 (full 0):
 garbage-first heap   total 131072K, used 60165K [0x0000000081e00000, 0x0000000100000000)
  region size 1024K, 34 young (34816K), 6 survivors (6144K)
 Metaspace       used 21212K, committed 21504K, reserved 1114112K
  class space    used 2271K, committed 2432K, reserved 1048576K
}
Event: 6.093 GC heap after
{Heap after GC invocations=6 (full 0):
 garbage-first heap   total 131072K, used 34521K [0x0000000081e00000, 0x0000000100000000)
  region size 1024K, 5 young (5120K), 5 survivors (5120K)
 Metaspace       used 21212K, committed 21504K, reserved 1114112K
  class space    used 2271K, committed 2432K, reserved 1048576K
}
Event: 7.682 GC heap before
{Heap before GC invocations=7 (full 0):
 garbage-first heap   total 119808K, used 102105K [0x0000000081e00000, 0x0000000100000000)
  region size 1024K, 67 young (68608K), 5 survivors (5120K)
 Metaspace       used 26995K, committed 27328K, reserved 1114112K
  class space    used 2938K, committed 3072K, reserved 1048576K
}
Event: 7.716 GC heap after
{Heap after GC invocations=8 (full 0):
 garbage-first heap   total 128000K, used 55711K [0x0000000081e00000, 0x0000000100000000)
  region size 1024K, 9 young (9216K), 9 survivors (9216K)
 Metaspace       used 26995K, committed 27328K, reserved 1114112K
  class space    used 2938K, committed 3072K, reserved 1048576K
}
Event: 7.728 GC heap before
{Heap before GC invocations=8 (full 0):
 garbage-first heap   total 128000K, used 56735K [0x0000000081e00000, 0x0000000100000000)
  region size 1024K, 10 young (10240K), 9 survivors (9216K)
 Metaspace       used 27025K, committed 27328K, reserved 1114112K
  class space    used 2938K, committed 3072K, reserved 1048576K
}
Event: 7.737 GC heap after
{Heap after GC invocations=9 (full 0):
 garbage-first heap   total 153600K, used 56735K [0x0000000081e00000, 0x0000000100000000)
  region size 1024K, 1 young (1024K), 1 survivors (1024K)
 Metaspace       used 27025K, committed 27328K, reserved 1114112K
  class space    used 2938K, committed 3072K, reserved 1048576K
}
Event: 9.289 GC heap before
{Heap before GC invocations=9 (full 0):
 garbage-first heap   total 153600K, used 111007K [0x0000000081e00000, 0x0000000100000000)
  region size 1024K, 54 young (55296K), 1 survivors (1024K)
 Metaspace       used 31118K, committed 31616K, reserved 1114112K
  class space    used 3427K, committed 3648K, reserved 1048576K
}
Event: 9.296 GC heap after
{Heap after GC invocations=10 (full 0):
 garbage-first heap   total 153600K, used 59395K [0x0000000081e00000, 0x0000000100000000)
  region size 1024K, 3 young (3072K), 3 survivors (3072K)
 Metaspace       used 31118K, committed 31616K, reserved 1114112K
  class space    used 3427K, committed 3648K, reserved 1048576K
}
Event: 9.569 GC heap before
{Heap before GC invocations=10 (full 0):
 garbage-first heap   total 153600K, used 71683K [0x0000000081e00000, 0x0000000100000000)
  region size 1024K, 8 young (8192K), 3 survivors (3072K)
 Metaspace       used 31419K, committed 31936K, reserved 1114112K
  class space    used 3457K, committed 3712K, reserved 1048576K
}
Event: 9.575 GC heap after
{Heap after GC invocations=11 (full 0):
 garbage-first heap   total 153600K, used 65951K [0x0000000081e00000, 0x0000000100000000)
  region size 1024K, 3 young (3072K), 3 survivors (3072K)
 Metaspace       used 31419K, committed 31936K, reserved 1114112K
  class space    used 3457K, committed 3712K, reserved 1048576K
}
Event: 9.576 GC heap before
{Heap before GC invocations=11 (full 0):
 garbage-first heap   total 153600K, used 78239K [0x0000000081e00000, 0x0000000100000000)
  region size 1024K, 4 young (4096K), 3 survivors (3072K)
 Metaspace       used 31419K, committed 31936K, reserved 1114112K
  class space    used 3457K, committed 3712K, reserved 1048576K
}
Event: 9.581 GC heap after
{Heap after GC invocations=12 (full 0):
 garbage-first heap   total 153600K, used 78239K [0x0000000081e00000, 0x0000000100000000)
  region size 1024K, 3 young (3072K), 3 survivors (3072K)
 Metaspace       used 31419K, committed 31936K, reserved 1114112K
  class space    used 3457K, committed 3712K, reserved 1048576K
}
Event: 10.379 GC heap before
{Heap before GC invocations=13 (full 0):
 garbage-first heap   total 209920K, used 174495K [0x0000000081e00000, 0x0000000100000000)
  region size 1024K, 44 young (45056K), 3 survivors (3072K)
 Metaspace       used 31534K, committed 32000K, reserved 1114112K
  class space    used 3459K, committed 3712K, reserved 1048576K
}
Event: 10.395 GC heap after
{Heap after GC invocations=14 (full 0):
 garbage-first heap   total 209920K, used 75701K [0x0000000081e00000, 0x0000000100000000)
  region size 1024K, 6 young (6144K), 6 survivors (6144K)
 Metaspace       used 31534K, committed 32000K, reserved 1114112K
  class space    used 3459K, committed 3712K, reserved 1048576K
}
Event: 10.459 GC heap before
{Heap before GC invocations=14 (full 0):
 garbage-first heap   total 209920K, used 79797K [0x0000000081e00000, 0x0000000100000000)
  region size 1024K, 10 young (10240K), 6 survivors (6144K)
 Metaspace       used 31534K, committed 32000K, reserved 1114112K
  class space    used 3459K, committed 3712K, reserved 1048576K
}
Event: 10.465 GC heap after
{Heap after GC invocations=15 (full 0):
 garbage-first heap   total 209920K, used 71286K [0x0000000081e00000, 0x0000000100000000)
  region size 1024K, 2 young (2048K), 2 survivors (2048K)
 Metaspace       used 31534K, committed 32000K, reserved 1114112K
  class space    used 3459K, committed 3712K, reserved 1048576K
}
Event: 12.275 GC heap before
{Heap before GC invocations=15 (full 0):
 garbage-first heap   total 209920K, used 154230K [0x0000000081e00000, 0x0000000100000000)
  region size 1024K, 83 young (84992K), 2 survivors (2048K)
 Metaspace       used 32991K, committed 33536K, reserved 1114112K
  class space    used 3619K, committed 3904K, reserved 1048576K
}

