# JRE version: OpenJDK Runtime Environment (19.0.2+7) (build 19.0.2+7-44)
# Java VM: OpenJDK 64-Bit Server VM (19.0.2+7-44, mixed mode, sharing, tiered, compressed oops, compressed class ptrs, g1 gc, windows-amd64)
GC Precious Log:
 CardTable entry size: 512
 Card Set container configuration: InlinePtr #cards 5 size 8 Array Of Cards #cards 12 size 40 Howl #buckets 4 coarsen threshold 1843 Howl Bitmap #cards 512 size 80 coarsen threshold 460 Card regions per heap region 1 cards per card region 2048
 CPUs: 4 total, 4 available
 Memory: 8065M
 Large Page Support: Disabled
 NUMA Support: Disabled
 Compressed Oops: Enabled (32-bit)
 Heap Region Size: 1M
 Heap Min Capacity: 8M
 Heap Initial Capacity: 128M
 Heap Max Capacity: 2018M
 Pre-touch: Disabled
 Parallel Workers: 4
 Concurrent Workers: 1
 Concurrent Refinement Workers: 4
 Periodic GC: Disabled
Heap:
 garbage-first heap   total 103424K, used 36820K [0x0000000081e00000, 0x0000000100000000)
  region size 1024K, 5 young (5120K), 5 survivors (5120K)
 Metaspace       used 70986K, committed 71744K, reserved 1114112K
  class space    used 9605K, committed 9984K, reserved 1048576K
GC Heap History (20 events):
Event: 4.768 GC heap after
{Heap after GC invocations=7 (full 0):
 garbage-first heap   total 58368K, used 19571K [0x0000000081e00000, 0x0000000100000000)
  region size 1024K, 1 young (1024K), 1 survivors (1024K)
 Metaspace       used 25086K, committed 25344K, reserved 1114112K
  class space    used 3076K, committed 3200K, reserved 1048576K
}
Event: 5.260 GC heap before
{Heap before GC invocations=7 (full 0):
 garbage-first heap   total 58368K, used 40051K [0x0000000081e00000, 0x0000000100000000)
  region size 1024K, 21 young (21504K), 1 survivors (1024K)
 Metaspace       used 27061K, committed 27328K, reserved 1114112K
  class space    used 3317K, committed 3456K, reserved 1048576K
}
Event: 5.264 GC heap after
{Heap after GC invocations=8 (full 0):
 garbage-first heap   total 58368K, used 20624K [0x0000000081e00000, 0x0000000100000000)
  region size 1024K, 2 young (2048K), 2 survivors (2048K)
 Metaspace       used 27061K, committed 27328K, reserved 1114112K
  class space    used 3317K, committed 3456K, reserved 1048576K
}
Event: 5.962 GC heap before
{Heap before GC invocations=8 (full 0):
 garbage-first heap   total 58368K, used 41104K [0x0000000081e00000, 0x0000000100000000)
  region size 1024K, 22 young (22528K), 2 survivors (2048K)
 Metaspace       used 30429K, committed 30848K, reserved 1114112K
  class space    used 3862K, committed 4032K, reserved 1048576K
}
Event: 5.970 GC heap after
{Heap after GC invocations=9 (full 0):
 garbage-first heap   total 58368K, used 21940K [0x0000000081e00000, 0x0000000100000000)
  region size 1024K, 2 young (2048K), 2 survivors (2048K)
 Metaspace       used 30429K, committed 30848K, reserved 1114112K
  class space    used 3862K, committed 4032K, reserved 1048576K
}
Event: 6.665 GC heap before
{Heap before GC invocations=9 (full 0):
 garbage-first heap   total 58368K, used 42420K [0x0000000081e00000, 0x0000000100000000)
  region size 1024K, 22 young (22528K), 2 survivors (2048K)
 Metaspace       used 33193K, committed 33600K, reserved 1114112K
  class space    used 4245K, committed 4416K, reserved 1048576K
}
Event: 6.674 GC heap after
{Heap after GC invocations=10 (full 0):
 garbage-first heap   total 103424K, used 23552K [0x0000000081e00000, 0x0000000100000000)
  region size 1024K, 3 young (3072K), 3 survivors (3072K)
 Metaspace       used 33193K, committed 33600K, reserved 1114112K
  class space    used 4245K, committed 4416K, reserved 1048576K
}
Event: 7.307 GC heap before
{Heap before GC invocations=10 (full 0):
 garbage-first heap   total 103424K, used 38912K [0x0000000081e00000, 0x0000000100000000)
  region size 1024K, 19 young (19456K), 3 survivors (3072K)
 Metaspace       used 35593K, committed 35968K, reserved 1114112K
  class space    used 4554K, committed 4736K, reserved 1048576K
}
Event: 7.318 GC heap after
{Heap after GC invocations=11 (full 0):
 garbage-first heap   total 103424K, used 24838K [0x0000000081e00000, 0x0000000100000000)
  region size 1024K, 5 young (5120K), 5 survivors (5120K)
 Metaspace       used 35593K, committed 35968K, reserved 1114112K
  class space    used 4554K, committed 4736K, reserved 1048576K
}
Event: 9.154 GC heap before
{Heap before GC invocations=12 (full 0):
 garbage-first heap   total 92160K, used 75014K [0x0000000081e00000, 0x0000000100000000)
  region size 1024K, 54 young (55296K), 5 survivors (5120K)
 Metaspace       used 49738K, committed 50240K, reserved 1114112K
  class space    used 6463K, committed 6720K, reserved 1048576K
}
Event: 9.166 GC heap after
{Heap after GC invocations=13 (full 0):
 garbage-first heap   total 92160K, used 27763K [0x0000000081e00000, 0x0000000100000000)
  region size 1024K, 6 young (6144K), 6 survivors (6144K)
 Metaspace       used 49738K, committed 50240K, reserved 1114112K
  class space    used 6463K, committed 6720K, reserved 1048576K
}
Event: 9.191 GC heap before
{Heap before GC invocations=13 (full 0):
 garbage-first heap   total 92160K, used 28787K [0x0000000081e00000, 0x0000000100000000)
  region size 1024K, 7 young (7168K), 6 survivors (6144K)
 Metaspace       used 50085K, committed 50624K, reserved 1114112K
  class space    used 6483K, committed 6720K, reserved 1048576K
}
Event: 9.204 GC heap after
{Heap after GC invocations=14 (full 0):
 garbage-first heap   total 92160K, used 28133K [0x0000000081e00000, 0x0000000100000000)
  region size 1024K, 1 young (1024K), 1 survivors (1024K)
 Metaspace       used 50085K, committed 50624K, reserved 1114112K
  class space    used 6483K, committed 6720K, reserved 1048576K
}
Event: 10.237 GC heap before
{Heap before GC invocations=14 (full 0):
 garbage-first heap   total 92160K, used 62949K [0x0000000081e00000, 0x0000000100000000)
  region size 1024K, 37 young (37888K), 1 survivors (1024K)
 Metaspace       used 60248K, committed 60800K, reserved 1114112K
  class space    used 8060K, committed 8320K, reserved 1048576K
}
Event: 10.243 GC heap after
{Heap after GC invocations=15 (full 0):
 garbage-first heap   total 92160K, used 29570K [0x0000000081e00000, 0x0000000100000000)
  region size 1024K, 3 young (3072K), 3 survivors (3072K)
 Metaspace       used 60248K, committed 60800K, reserved 1114112K
  class space    used 8060K, committed 8320K, reserved 1048576K
}
Event: 11.281 GC heap before
{Heap before GC invocations=16 (full 0):
 garbage-first heap   total 92160K, used 72578K [0x0000000081e00000, 0x0000000100000000)
  region size 1024K, 45 young (46080K), 3 survivors (3072K)
 Metaspace       used 65249K, committed 65856K, reserved 1114112K
  class space    used 8815K, committed 9088K, reserved 1048576K
}
Event: 11.292 GC heap after
{Heap after GC invocations=17 (full 0):
 garbage-first heap   total 92160K, used 32860K [0x0000000081e00000, 0x0000000100000000)
  region size 1024K, 6 young (6144K), 6 survivors (6144K)
 Metaspace       used 65249K, committed 65856K, reserved 1114112K
  class space    used 8815K, committed 9088K, reserved 1048576K
}
Event: 11.305 GC heap before
{Heap before GC invocations=17 (full 0):
 garbage-first heap   total 92160K, used 33884K [0x0000000081e00000, 0x0000000100000000)
  region size 1024K, 7 young (7168K), 6 survivors (6144K)
 Metaspace       used 65322K, committed 65920K, reserved 1114112K
  class space    used 8827K, committed 9088K, reserved 1048576K
}
Event: 11.317 GC heap after
{Heap after GC invocations=18 (full 0):
 garbage-first heap   total 92160K, used 33291K [0x0000000081e00000, 0x0000000100000000)
  region size 1024K, 1 young (1024K), 1 survivors (1024K)
 Metaspace       used 65322K, committed 65920K, reserved 1114112K
  class space    used 8827K, committed 9088K, reserved 1048576K
}
Event: 13.289 GC heap before
{Heap before GC invocations=18 (full 0):
 garbage-first heap   total 92160K, used 72203K [0x0000000081e00000, 0x0000000100000000)
  region size 1024K, 40 young (40960K), 1 survivors (1024K)
 Metaspace       used 70986K, committed 71744K, reserved 1114112K
  class space    used 9605K, committed 9984K, reserved 1048576K
}

